This is pdfTeX, Version 3.14159265-2.6-1.40.19 (MiKTeX 2.9.6730 64-bit) (preloaded format=pdflatex 2018.7.31)  27 MAY 2020 13:13
entering extended mode
**./Assignment2-MBD.tex
(Assignment2-MBD.tex
LaTeX2e <2017-04-15>
Babel <3.18> and hyphenation patterns for 75 language(s) loaded.

("C:\Users\MatthewVincent\AppData\Local\Programs\MiKTeX 2.9\tex\latex\base\arti
cle.cls"
Document Class: article 2014/09/29 v1.4h Standard LaTeX document class

("C:\Users\MatthewVincent\AppData\Local\Programs\MiKTeX 2.9\tex\latex\base\size
10.clo"
File: size10.clo 2014/09/29 v1.4h Standard LaTeX file (size option)
)
\c@part=\count79
\c@section=\count80
\c@subsection=\count81
\c@subsubsection=\count82
\c@paragraph=\count83
\c@subparagraph=\count84
\c@figure=\count85
\c@table=\count86
\abovecaptionskip=\skip41
\belowcaptionskip=\skip42
\bibindent=\dimen102
)
("C:\Users\MatthewVincent\AppData\Local\Programs\MiKTeX 2.9\tex\latex\geometry\
geometry.sty"
Package: geometry 2010/09/12 v5.6 Page Geometry

("C:\Users\MatthewVincent\AppData\Local\Programs\MiKTeX 2.9\tex\latex\graphics\
keyval.sty"
Package: keyval 2014/10/28 v1.15 key=value parser (DPC)
\KV@toks@=\toks14
)
("C:\Users\MatthewVincent\AppData\Local\Programs\MiKTeX 2.9\tex\generic\oberdie
k\ifpdf.sty"
Package: ifpdf 2017/03/15 v3.2 Provides the ifpdf switch
)
("C:\Users\MatthewVincent\AppData\Local\Programs\MiKTeX 2.9\tex\generic\oberdie
k\ifvtex.sty"
Package: ifvtex 2016/05/16 v1.6 Detect VTeX and its facilities (HO)
Package ifvtex Info: VTeX not detected.
)
("C:\Users\MatthewVincent\AppData\Local\Programs\MiKTeX 2.9\tex\generic\ifxetex
\ifxetex.sty"
Package: ifxetex 2010/09/12 v0.6 Provides ifxetex conditional
)
\Gm@cnth=\count87
\Gm@cntv=\count88
\c@Gm@tempcnt=\count89
\Gm@bindingoffset=\dimen103
\Gm@wd@mp=\dimen104
\Gm@odd@mp=\dimen105
\Gm@even@mp=\dimen106
\Gm@layoutwidth=\dimen107
\Gm@layoutheight=\dimen108
\Gm@layouthoffset=\dimen109
\Gm@layoutvoffset=\dimen110
\Gm@dimlist=\toks15

("C:\Users\MatthewVincent\AppData\Local\Programs\MiKTeX 2.9\tex\latex\geometry\
geometry.cfg"))
("C:\Users\MatthewVincent\AppData\Local\Programs\MiKTeX 2.9\tex\latex\amsmath\a
msmath.sty"
Package: amsmath 2017/09/02 v2.17a AMS math features
\@mathmargin=\skip43

For additional information on amsmath, use the `?' option.

("C:\Users\MatthewVincent\AppData\Local\Programs\MiKTeX 2.9\tex\latex\amsmath\a
mstext.sty"
Package: amstext 2000/06/29 v2.01 AMS text

("C:\Users\MatthewVincent\AppData\Local\Programs\MiKTeX 2.9\tex\latex\amsmath\a
msgen.sty"
File: amsgen.sty 1999/11/30 v2.0 generic functions
\@emptytoks=\toks16
\ex@=\dimen111
))
("C:\Users\MatthewVincent\AppData\Local\Programs\MiKTeX 2.9\tex\latex\amsmath\a
msbsy.sty"
Package: amsbsy 1999/11/29 v1.2d Bold Symbols
\pmbraise@=\dimen112
)
("C:\Users\MatthewVincent\AppData\Local\Programs\MiKTeX 2.9\tex\latex\amsmath\a
msopn.sty"
Package: amsopn 2016/03/08 v2.02 operator names
)
\inf@bad=\count90
LaTeX Info: Redefining \frac on input line 213.
\uproot@=\count91
\leftroot@=\count92
LaTeX Info: Redefining \overline on input line 375.
\classnum@=\count93
\DOTSCASE@=\count94
LaTeX Info: Redefining \ldots on input line 472.
LaTeX Info: Redefining \dots on input line 475.
LaTeX Info: Redefining \cdots on input line 596.
\Mathstrutbox@=\box26
\strutbox@=\box27
\big@size=\dimen113
LaTeX Font Info:    Redeclaring font encoding OML on input line 712.
LaTeX Font Info:    Redeclaring font encoding OMS on input line 713.
\macc@depth=\count95
\c@MaxMatrixCols=\count96
\dotsspace@=\muskip10
\c@parentequation=\count97
\dspbrk@lvl=\count98
\tag@help=\toks17
\row@=\count99
\column@=\count100
\maxfields@=\count101
\andhelp@=\toks18
\eqnshift@=\dimen114
\alignsep@=\dimen115
\tagshift@=\dimen116
\tagwidth@=\dimen117
\totwidth@=\dimen118
\lineht@=\dimen119
\@envbody=\toks19
\multlinegap=\skip44
\multlinetaggap=\skip45
\mathdisplay@stack=\toks20
LaTeX Info: Redefining \[ on input line 2817.
LaTeX Info: Redefining \] on input line 2818.
)
("C:\Users\MatthewVincent\AppData\Local\Programs\MiKTeX 2.9\tex\latex\amscls\am
sthm.sty"
Package: amsthm 2017/10/31 v2.20.4
\thm@style=\toks21
\thm@bodyfont=\toks22
\thm@headfont=\toks23
\thm@notefont=\toks24
\thm@headpunct=\toks25
\thm@preskip=\skip46
\thm@postskip=\skip47
\thm@headsep=\skip48
\dth@everypar=\toks26
)
("C:\Users\MatthewVincent\AppData\Local\Programs\MiKTeX 2.9\tex\latex\amsfonts\
amssymb.sty"
Package: amssymb 2013/01/14 v3.01 AMS font symbols

("C:\Users\MatthewVincent\AppData\Local\Programs\MiKTeX 2.9\tex\latex\amsfonts\
amsfonts.sty"
Package: amsfonts 2013/01/14 v3.01 Basic AMSFonts support
\symAMSa=\mathgroup4
\symAMSb=\mathgroup5
LaTeX Font Info:    Overwriting math alphabet `\mathfrak' in version `bold'
(Font)                  U/euf/m/n --> U/euf/b/n on input line 106.
)) ("C:\Program Files\MiKTeX 2.9\tex\latex\mathtools\mathtools.sty"
Package: mathtools 2018/01/08 v1.21 mathematical typesetting tools

("C:\Users\MatthewVincent\AppData\Local\Programs\MiKTeX 2.9\tex\latex\tools\cal
c.sty"
Package: calc 2014/10/28 v4.3 Infix arithmetic (KKT,FJ)
\calc@Acount=\count102
\calc@Bcount=\count103
\calc@Adimen=\dimen120
\calc@Bdimen=\dimen121
\calc@Askip=\skip49
\calc@Bskip=\skip50
LaTeX Info: Redefining \setlength on input line 80.
LaTeX Info: Redefining \addtolength on input line 81.
\calc@Ccount=\count104
\calc@Cskip=\skip51
) ("C:\Program Files\MiKTeX 2.9\tex\latex\mathtools\mhsetup.sty"
Package: mhsetup 2017/03/31 v1.3 programming setup (MH)
)
LaTeX Info: Thecontrolsequence`\('isalreadyrobust on input line 129.
LaTeX Info: Thecontrolsequence`\)'isalreadyrobust on input line 129.
LaTeX Info: Thecontrolsequence`\['isalreadyrobust on input line 129.
LaTeX Info: Thecontrolsequence`\]'isalreadyrobust on input line 129.
\g_MT_multlinerow_int=\count105
\l_MT_multwidth_dim=\dimen122
\origjot=\skip52
\l_MT_shortvdotswithinadjustabove_dim=\dimen123
\l_MT_shortvdotswithinadjustbelow_dim=\dimen124
\l_MT_above_intertext_sep=\dimen125
\l_MT_below_intertext_sep=\dimen126
\l_MT_above_shortintertext_sep=\dimen127
\l_MT_below_shortintertext_sep=\dimen128
)
("C:\Users\MatthewVincent\AppData\Local\Programs\MiKTeX 2.9\tex\latex\graphics\
graphicx.sty"
Package: graphicx 2017/06/01 v1.1a Enhanced LaTeX Graphics (DPC,SPQR)

("C:\Users\MatthewVincent\AppData\Local\Programs\MiKTeX 2.9\tex\latex\graphics\
graphics.sty"
Package: graphics 2017/06/25 v1.2c Standard LaTeX Graphics (DPC,SPQR)

("C:\Users\MatthewVincent\AppData\Local\Programs\MiKTeX 2.9\tex\latex\graphics\
trig.sty"
Package: trig 2016/01/03 v1.10 sin cos tan (DPC)
)
("C:\Users\MatthewVincent\AppData\Local\Programs\MiKTeX 2.9\tex\latex\graphics-
cfg\graphics.cfg"
File: graphics.cfg 2016/06/04 v1.11 sample graphics configuration
)
Package graphics Info: Driver file: pdftex.def on input line 99.

("C:\Users\MatthewVincent\AppData\Local\Programs\MiKTeX 2.9\tex\latex\graphics-
def\pdftex.def"
File: pdftex.def 2018/01/08 v1.0l Graphics/color driver for pdftex
))
\Gin@req@height=\dimen129
\Gin@req@width=\dimen130
)
("C:\Program Files\MiKTeX 2.9\tex\latex\caption\subcaption.sty"
Package: subcaption 2018/05/01 v1.1-162 Sub-captions (AR)

("C:\Program Files\MiKTeX 2.9\tex\latex\caption\caption.sty"
Package: caption 2018/10/06 v3.3-154 Customizing captions (AR)

("C:\Program Files\MiKTeX 2.9\tex\latex\caption\caption3.sty"
Package: caption3 2018/09/12 v1.8c caption3 kernel (AR)
Package caption3 Info: TeX engine: e-TeX on input line 64.
\captionmargin=\dimen131
\captionmargin@=\dimen132
\captionwidth=\dimen133
\caption@tempdima=\dimen134
\caption@indent=\dimen135
\caption@parindent=\dimen136
\caption@hangindent=\dimen137
)
\c@caption@flags=\count106
\c@ContinuedFloat=\count107
)
\c@subfigure=\count108
\c@subtable=\count109
)
("C:\Program Files\MiKTeX 2.9\tex\latex\wrapfig\wrapfig.sty"
\wrapoverhang=\dimen138
\WF@size=\dimen139
\c@WF@wrappedlines=\count110
\WF@box=\box28
\WF@everypar=\toks27
Package: wrapfig 2003/01/31  v 3.6
)
("C:\Program Files\MiKTeX 2.9\tex\latex\natbib\natbib.sty"
Package: natbib 2010/09/13 8.31b (PWD, AO)
\bibhang=\skip53
\bibsep=\skip54
LaTeX Info: Redefining \cite on input line 694.
\c@NAT@ctr=\count111
)
("C:\Program Files\MiKTeX 2.9\tex\latex\listings\listings.sty"
\lst@mode=\count112
\lst@gtempboxa=\box29
\lst@token=\toks28
\lst@length=\count113
\lst@currlwidth=\dimen140
\lst@column=\count114
\lst@pos=\count115
\lst@lostspace=\dimen141
\lst@width=\dimen142
\lst@newlines=\count116
\lst@lineno=\count117
\lst@maxwidth=\dimen143

("C:\Program Files\MiKTeX 2.9\tex\latex\listings\lstmisc.sty"
File: lstmisc.sty 2015/06/04 1.6 (Carsten Heinz)
\c@lstnumber=\count118
\lst@skipnumbers=\count119
\lst@framebox=\box30
)
("C:\Program Files\MiKTeX 2.9\tex\latex\listings\listings.cfg"
File: listings.cfg 2015/06/04 1.6 listings configuration
))
Package: listings 2015/06/04 1.6 (Carsten Heinz)

("C:\Users\MatthewVincent\AppData\Local\Programs\MiKTeX 2.9\tex\latex\graphics\
color.sty"
Package: color 2016/07/10 v1.1e Standard LaTeX Color (DPC)

("C:\Users\MatthewVincent\AppData\Local\Programs\MiKTeX 2.9\tex\latex\graphics-
cfg\color.cfg"
File: color.cfg 2016/01/02 v1.6 sample color configuration
)
Package color Info: Driver file: pdftex.def on input line 147.
) ("C:\Program Files\MiKTeX 2.9\tex\latex\listings\lstlang1.sty"
File: lstlang1.sty 2015/06/04 1.6 listings language file
)

LaTeX Warning: Unused global option(s):
    [12t].

(Assignment2-MBD.aux)
\openout1 = `Assignment2-MBD.aux'.

LaTeX Font Info:    Checking defaults for OML/cmm/m/it on input line 39.
LaTeX Font Info:    ... okay on input line 39.
LaTeX Font Info:    Checking defaults for T1/cmr/m/n on input line 39.
LaTeX Font Info:    ... okay on input line 39.
LaTeX Font Info:    Checking defaults for OT1/cmr/m/n on input line 39.
LaTeX Font Info:    ... okay on input line 39.
LaTeX Font Info:    Checking defaults for OMS/cmsy/m/n on input line 39.
LaTeX Font Info:    ... okay on input line 39.
LaTeX Font Info:    Checking defaults for OMX/cmex/m/n on input line 39.
LaTeX Font Info:    ... okay on input line 39.
LaTeX Font Info:    Checking defaults for U/cmr/m/n on input line 39.
LaTeX Font Info:    ... okay on input line 39.

*geometry* driver: auto-detecting
*geometry* detected driver: pdftex
*geometry* verbose mode - [ preamble ] result:
* driver: pdftex
* paper: <default>
* layout: <same size as paper>
* layoutoffset:(h,v)=(0.0pt,0.0pt)
* modes: 
* h-part:(L,W,R)=(72.26999pt, 469.75502pt, 72.26999pt)
* v-part:(T,H,B)=(72.26999pt, 650.43001pt, 72.26999pt)
* \paperwidth=614.295pt
* \paperheight=794.96999pt
* \textwidth=469.75502pt
* \textheight=650.43001pt
* \oddsidemargin=0.0pt
* \evensidemargin=0.0pt
* \topmargin=-37.0pt
* \headheight=12.0pt
* \headsep=25.0pt
* \topskip=10.0pt
* \footskip=30.0pt
* \marginparwidth=65.0pt
* \marginparsep=11.0pt
* \columnsep=10.0pt
* \skip\footins=9.0pt plus 4.0pt minus 2.0pt
* \hoffset=0.0pt
* \voffset=0.0pt
* \mag=1000
* \@twocolumnfalse
* \@twosidefalse
* \@mparswitchfalse
* \@reversemarginfalse
* (1in=72.27pt=25.4mm, 1cm=28.453pt)

("C:\Program Files\MiKTeX 2.9\tex\context\base\supp-pdf.mkii"
[Loading MPS to PDF converter (version 2006.09.02).]
\scratchcounter=\count120
\scratchdimen=\dimen144
\scratchbox=\box31
\nofMPsegments=\count121
\nofMParguments=\count122
\everyMPshowfont=\toks29
\MPscratchCnt=\count123
\MPscratchDim=\dimen145
\MPnumerator=\count124
\makeMPintoPDFobject=\count125
\everyMPtoPDFconversion=\toks30
)
("C:\Users\MatthewVincent\AppData\Local\Programs\MiKTeX 2.9\tex\latex\oberdiek\
epstopdf-base.sty"
Package: epstopdf-base 2016/05/15 v2.6 Base part for package epstopdf

("C:\Users\MatthewVincent\AppData\Local\Programs\MiKTeX 2.9\tex\generic\oberdie
k\infwarerr.sty"
Package: infwarerr 2016/05/16 v1.4 Providing info/warning/error messages (HO)
)
("C:\Users\MatthewVincent\AppData\Local\Programs\MiKTeX 2.9\tex\latex\oberdiek\
grfext.sty"
Package: grfext 2016/05/16 v1.2 Manage graphics extensions (HO)

("C:\Users\MatthewVincent\AppData\Local\Programs\MiKTeX 2.9\tex\generic\oberdie
k\kvdefinekeys.sty"
Package: kvdefinekeys 2016/05/16 v1.4 Define keys (HO)

("C:\Users\MatthewVincent\AppData\Local\Programs\MiKTeX 2.9\tex\generic\oberdie
k\ltxcmds.sty"
Package: ltxcmds 2016/05/16 v1.23 LaTeX kernel commands for general use (HO)
)))
("C:\Users\MatthewVincent\AppData\Local\Programs\MiKTeX 2.9\tex\latex\oberdiek\
kvoptions.sty"
Package: kvoptions 2016/05/16 v3.12 Key value format for package options (HO)

("C:\Users\MatthewVincent\AppData\Local\Programs\MiKTeX 2.9\tex\generic\oberdie
k\kvsetkeys.sty"
Package: kvsetkeys 2016/05/16 v1.17 Key value parser (HO)

("C:\Users\MatthewVincent\AppData\Local\Programs\MiKTeX 2.9\tex\generic\oberdie
k\etexcmds.sty"
Package: etexcmds 2016/05/16 v1.6 Avoid name clashes with e-TeX commands (HO)

("C:\Users\MatthewVincent\AppData\Local\Programs\MiKTeX 2.9\tex\generic\oberdie
k\ifluatex.sty"
Package: ifluatex 2016/05/16 v1.4 Provides the ifluatex switch (HO)
Package ifluatex Info: LuaTeX not detected.
)
Package etexcmds Info: Could not find \expanded.
(etexcmds)             That can mean that you are not using pdfTeX 1.50 or
(etexcmds)             that some package has redefined \expanded.
(etexcmds)             In the latter case, load this package earlier.
)))
("C:\Users\MatthewVincent\AppData\Local\Programs\MiKTeX 2.9\tex\generic\oberdie
k\pdftexcmds.sty"
Package: pdftexcmds 2018/01/21 v0.26 Utility functions of pdfTeX for LuaTeX (HO
)
Package pdftexcmds Info: LuaTeX not detected.
Package pdftexcmds Info: \pdf@primitive is available.
Package pdftexcmds Info: \pdf@ifprimitive is available.
Package pdftexcmds Info: \pdfdraftmode found.
)
Package epstopdf-base Info: Redefining graphics rule for `.eps' on input line 4
38.
Package grfext Info: Graphics extension search list:
(grfext)             [.pdf,.png,.jpg,.mps,.jpeg,.jbig2,.jb2,.PDF,.PNG,.JPG,.JPE
G,.JBIG2,.JB2,.eps]
(grfext)             \AppendGraphicsExtensions on input line 456.
)
Package caption Info: Begin \AtBeginDocument code.
Package caption Info: listings package is loaded.
Package caption Info: wrapfig package is loaded.
Package caption Info: End \AtBeginDocument code.
\c@lstlisting=\count126
<./Figures/UoA_logo_cmyk.pdf, id=1, 199.1691pt x 85.358pt>
File: ./Figures/UoA_logo_cmyk.pdf Graphic file (type pdf)
<use ./Figures/UoA_logo_cmyk.pdf>
Package pdftex.def Info: ./Figures/UoA_logo_cmyk.pdf  used on input line 73.
(pdftex.def)             Requested size: 164.41711pt x 70.4681pt.
 [1

{C:/Users/MatthewVincent/AppData/Local/MiKTeX/2.9/pdftex/config/pdftex.map} <./
Figures/UoA_logo_cmyk.pdf>]
LaTeX Font Info:    Try loading font information for U+msa on input line 89.

("C:\Users\MatthewVincent\AppData\Local\Programs\MiKTeX 2.9\tex\latex\amsfonts\
umsa.fd"
File: umsa.fd 2013/01/14 v3.01 AMS symbols A
)
LaTeX Font Info:    Try loading font information for U+msb on input line 89.

("C:\Users\MatthewVincent\AppData\Local\Programs\MiKTeX 2.9\tex\latex\amsfonts\
umsb.fd"
File: umsb.fd 2013/01/14 v3.01 AMS symbols B
)
Underfull \hbox (badness 10000) in paragraph at lines 91--92

 []


Underfull \hbox (badness 10000) in paragraph at lines 93--137

 []


Underfull \hbox (badness 10000) in paragraph at lines 93--137

 []


Underfull \hbox (badness 10000) in paragraph at lines 138--146

 []


Underfull \hbox (badness 10000) in paragraph at lines 138--146

 []

<./Figures/s-curves.png, id=26, 401.12276pt x 241.5467pt>
File: ./Figures/s-curves.png Graphic file (type png)
<use ./Figures/s-curves.png>
Package pdftex.def Info: ./Figures/s-curves.png  used on input line 148.
(pdftex.def)             Requested size: 375.80544pt x 226.31679pt.

Underfull \hbox (badness 10000) in paragraph at lines 148--149

 []

[1

 <./Figures/s-curves.png>]
<./Figures/false_positive.png, id=36, 401.12276pt x 241.06168pt>
File: ./Figures/false_positive.png Graphic file (type png)
<use ./Figures/false_positive.png>
Package pdftex.def Info: ./Figures/false_positive.png  used on input line 163.
(pdftex.def)             Requested size: 375.80544pt x 225.86232pt.

Underfull \hbox (badness 10000) in paragraph at lines 163--164

 []


Underfull \hbox (badness 10000) in paragraph at lines 181--182

 []

[2 <./Figures/false_positive.png>]
Underfull \hbox (badness 10000) in paragraph at lines 183--198

 []


Underfull \hbox (badness 10000) in paragraph at lines 183--198

 []


Underfull \hbox (badness 10000) in paragraph at lines 207--208

 []


Underfull \hbox (badness 10000) in paragraph at lines 223--224

 []


Underfull \hbox (badness 10000) in paragraph at lines 239--240

 []

[3]
Underfull \hbox (badness 10000) in paragraph at lines 257--258

 []


Underfull \hbox (badness 10000) in paragraph at lines 273--274

 []


Underfull \hbox (badness 10000) in paragraph at lines 289--290

 []

[4] [5]
No file Assignment2-MBD.bbl.
[6] (Assignment2-MBD.aux) ) 
Here is how much of TeX's memory you used:
 6236 strings out of 493305
 95152 string characters out of 3125887
 185550 words of memory out of 3000000
 9699 multiletter control sequences out of 15000+200000
 7463 words of font info for 29 fonts, out of 3000000 for 9000
 1141 hyphenation exceptions out of 8191
 42i,8n,40p,1535b,280s stack positions out of 5000i,500n,10000p,200000b,50000s
<C:/Users/MatthewVincent/AppData/Local/Programs/MiKT
eX 2.9/fonts/type1/public/amsfonts/cm/cmbx10.pfb><C:/Users/MatthewVincent/AppDa
ta/Local/Programs/MiKTeX 2.9/fonts/type1/public/amsfonts/cm/cmbx12.pfb><C:/User
s/MatthewVincent/AppData/Local/Programs/MiKTeX 2.9/fonts/type1/public/amsfonts/
cm/cmmi10.pfb><C:/Users/MatthewVincent/AppData/Local/Programs/MiKTeX 2.9/fonts/
type1/public/amsfonts/cm/cmmi7.pfb><C:/Users/MatthewVincent/AppData/Local/Progr
ams/MiKTeX 2.9/fonts/type1/public/amsfonts/cm/cmr10.pfb><C:/Users/MatthewVincen
t/AppData/Local/Programs/MiKTeX 2.9/fonts/type1/public/amsfonts/cm/cmr12.pfb><C
:/Users/MatthewVincent/AppData/Local/Programs/MiKTeX 2.9/fonts/type1/public/ams
fonts/cm/cmr7.pfb><C:/Users/MatthewVincent/AppData/Local/Programs/MiKTeX 2.9/fo
nts/type1/public/amsfonts/cm/cmsy10.pfb><C:/Users/MatthewVincent/AppData/Local/
Programs/MiKTeX 2.9/fonts/type1/public/amsfonts/cm/cmsy7.pfb>
Output written on Assignment2-MBD.pdf (7 pages, 391042 bytes).
PDF statistics:
 85 PDF objects out of 1000 (max. 8388607)
 0 named destinations out of 1000 (max. 500000)
 16 words of extra memory for PDF output out of 10000 (max. 10000000)

