2020-03-27 18:29:44,062 WARN org.apache.hadoop.util.NativeCodeLoader: Unable to load native-hadoop library for your platform... using builtin-java classes where applicable
2020-03-27 18:30:49,960 WARN org.apache.hadoop.util.NativeCodeLoader: Unable to load native-hadoop library for your platform... using builtin-java classes where applicable
2020-03-27 18:41:41,066 WARN org.apache.hadoop.util.NativeCodeLoader: Unable to load native-hadoop library for your platform... using builtin-java classes where applicable
2020-03-27 18:42:24,428 WARN org.apache.hadoop.util.NativeCodeLoader: Unable to load native-hadoop library for your platform... using builtin-java classes where applicable
2020-03-27 18:44:28,906 WARN org.apache.hadoop.util.NativeCodeLoader: Unable to load native-hadoop library for your platform... using builtin-java classes where applicable
2020-03-27 18:48:09,726 WARN org.apache.hadoop.util.NativeCodeLoader: Unable to load native-hadoop library for your platform... using builtin-java classes where applicable
2020-03-27 18:48:10,238 INFO org.apache.hadoop.conf.Configuration.deprecation: session.id is deprecated. Instead, use dfs.metrics.session-id
2020-03-27 18:48:10,240 INFO org.apache.hadoop.metrics.jvm.JvmMetrics: Initializing JVM Metrics with processName=JobTracker, sessionId=
2020-03-27 18:48:10,769 WARN org.apache.hadoop.mapreduce.JobResourceUploader: Hadoop command-line option parsing not performed. Implement the Tool interface and execute your application with ToolRunner to remedy this.
2020-03-27 18:48:10,772 WARN org.apache.hadoop.mapreduce.JobResourceUploader: No job jar file set.  User classes may not be found. See Job or Job#setJar(String).
2020-03-27 18:48:10,786 INFO org.apache.hadoop.mapreduce.lib.input.FileInputFormat: Total input paths to process : 1
2020-03-27 18:48:10,816 INFO org.apache.hadoop.mapreduce.JobSubmitter: number of splits:1
2020-03-27 18:48:11,106 INFO org.apache.hadoop.mapreduce.JobSubmitter: Submitting tokens for job: job_local1637493092_0001
2020-03-27 18:48:11,623 INFO org.apache.hadoop.mapreduce.Job: The url to track the job: http://localhost:8080/
2020-03-27 18:48:11,624 INFO org.apache.hadoop.mapreduce.Job: Running job: job_local1637493092_0001
2020-03-27 18:48:11,626 INFO org.apache.hadoop.mapred.LocalJobRunner: OutputCommitter set in config null
2020-03-27 18:48:11,639 INFO org.apache.hadoop.mapreduce.lib.output.FileOutputCommitter: File Output Committer Algorithm version is 1
2020-03-27 18:48:11,645 INFO org.apache.hadoop.mapred.LocalJobRunner: OutputCommitter is org.apache.hadoop.mapreduce.lib.output.FileOutputCommitter
2020-03-27 18:48:11,791 INFO org.apache.hadoop.mapred.LocalJobRunner: Waiting for map tasks
2020-03-27 18:48:11,792 INFO org.apache.hadoop.mapred.LocalJobRunner: Starting task: attempt_local1637493092_0001_m_000000_0
2020-03-27 18:48:11,851 INFO org.apache.hadoop.mapreduce.lib.output.FileOutputCommitter: File Output Committer Algorithm version is 1
2020-03-27 18:48:11,872 INFO org.apache.hadoop.mapred.Task:  Using ResourceCalculatorProcessTree : [ ]
2020-03-27 18:48:11,874 INFO org.apache.hadoop.mapred.MapTask: Processing split: file:/home/cloudera/workspace/FriendRecommend/soc.txt:0+4156181
2020-03-27 18:48:12,023 INFO org.apache.hadoop.mapred.MapTask: (EQUATOR) 0 kvi 26214396(104857584)
2020-03-27 18:48:12,024 INFO org.apache.hadoop.mapred.MapTask: mapreduce.task.io.sort.mb: 100
2020-03-27 18:48:12,024 INFO org.apache.hadoop.mapred.MapTask: soft limit at 83886080
2020-03-27 18:48:12,024 INFO org.apache.hadoop.mapred.MapTask: bufstart = 0; bufvoid = 104857600
2020-03-27 18:48:12,024 INFO org.apache.hadoop.mapred.MapTask: kvstart = 26214396; length = 6553600
2020-03-27 18:48:12,033 INFO org.apache.hadoop.mapred.MapTask: Map output collector class = org.apache.hadoop.mapred.MapTask$MapOutputBuffer
2020-03-27 18:48:12,626 INFO org.apache.hadoop.mapreduce.Job: Job job_local1637493092_0001 running in uber mode : false
2020-03-27 18:48:12,627 INFO org.apache.hadoop.mapreduce.Job:  map 0% reduce 0%
2020-03-27 18:48:13,582 INFO org.apache.hadoop.mapred.MapTask: Spilling map output
2020-03-27 18:48:13,584 INFO org.apache.hadoop.mapred.MapTask: bufstart = 0; bufend = 35445045; bufvoid = 104857600
2020-03-27 18:48:13,584 INFO org.apache.hadoop.mapred.MapTask: kvstart = 26214396(104857584); kvend = 14104144(56416576); length = 12110253/6553600
2020-03-27 18:48:13,584 INFO org.apache.hadoop.mapred.MapTask: (EQUATOR) 45930802 kvi 11482696(45930784)
2020-03-27 18:48:17,870 INFO org.apache.hadoop.mapred.LocalJobRunner: map > map
2020-03-27 18:48:18,032 INFO org.apache.hadoop.mapred.MapTask: Finished spill 0
2020-03-27 18:48:18,032 INFO org.apache.hadoop.mapred.MapTask: (RESET) equator 45930802 kv 11482696(45930784) kvi 8861268(35445072)
2020-03-27 18:48:18,633 INFO org.apache.hadoop.mapreduce.Job:  map 7% reduce 0%
2020-03-27 18:48:18,718 INFO org.apache.hadoop.mapred.MapTask: Spilling map output
2020-03-27 18:48:18,718 INFO org.apache.hadoop.mapred.MapTask: bufstart = 45930802; bufend = 81399128; bufvoid = 104857600
2020-03-27 18:48:18,718 INFO org.apache.hadoop.mapred.MapTask: kvstart = 11482696(45930784); kvend = 25592664(102370656); length = 12104433/6553600
2020-03-27 18:48:18,718 INFO org.apache.hadoop.mapred.MapTask: (EQUATOR) 91884884 kvi 22971216(91884864)
2020-03-27 18:48:20,875 INFO org.apache.hadoop.mapred.LocalJobRunner: map > map
2020-03-27 18:48:21,636 INFO org.apache.hadoop.mapreduce.Job:  map 13% reduce 0%
2020-03-27 18:48:22,930 INFO org.apache.hadoop.mapred.MapTask: Finished spill 1
2020-03-27 18:48:22,930 INFO org.apache.hadoop.mapred.MapTask: (RESET) equator 91884884 kv 22971216(91884864) kvi 20349788(81399152)
2020-03-27 18:48:23,623 INFO org.apache.hadoop.mapred.MapTask: Spilling map output
2020-03-27 18:48:23,623 INFO org.apache.hadoop.mapred.MapTask: bufstart = 91884884; bufend = 22516558; bufvoid = 104857600
2020-03-27 18:48:23,624 INFO org.apache.hadoop.mapred.MapTask: kvstart = 22971216(91884864); kvend = 10872020(43488080); length = 12099197/6553600
2020-03-27 18:48:23,624 INFO org.apache.hadoop.mapred.MapTask: (EQUATOR) 33002311 kvi 8250572(33002288)
2020-03-27 18:48:23,877 INFO org.apache.hadoop.mapred.LocalJobRunner: map > map
2020-03-27 18:48:24,638 INFO org.apache.hadoop.mapreduce.Job:  map 19% reduce 0%
2020-03-27 18:48:26,878 INFO org.apache.hadoop.mapred.LocalJobRunner: map > map
2020-03-27 18:48:27,559 INFO org.apache.hadoop.mapred.MapTask: Finished spill 2
2020-03-27 18:48:27,560 INFO org.apache.hadoop.mapred.MapTask: (RESET) equator 33002311 kv 8250572(33002288) kvi 5629144(22516576)
2020-03-27 18:48:27,640 INFO org.apache.hadoop.mapreduce.Job:  map 20% reduce 0%
2020-03-27 18:48:28,357 INFO org.apache.hadoop.mapred.MapTask: Spilling map output
2020-03-27 18:48:28,357 INFO org.apache.hadoop.mapred.MapTask: bufstart = 33002311; bufend = 68447036; bufvoid = 104857600
2020-03-27 18:48:28,358 INFO org.apache.hadoop.mapred.MapTask: kvstart = 8250572(33002288); kvend = 22354640(89418560); length = 12110333/6553600
2020-03-27 18:48:28,358 INFO org.apache.hadoop.mapred.MapTask: (EQUATOR) 78932790 kvi 19733192(78932768)
2020-03-27 18:48:29,879 INFO org.apache.hadoop.mapred.LocalJobRunner: map > map
2020-03-27 18:48:30,642 INFO org.apache.hadoop.mapreduce.Job:  map 29% reduce 0%
2020-03-27 18:48:32,288 INFO org.apache.hadoop.mapred.MapTask: Finished spill 3
2020-03-27 18:48:32,288 INFO org.apache.hadoop.mapred.MapTask: (RESET) equator 78932790 kv 19733192(78932768) kvi 17111764(68447056)
2020-03-27 18:48:32,880 INFO org.apache.hadoop.mapred.LocalJobRunner: map > map
2020-03-27 18:48:32,958 INFO org.apache.hadoop.mapred.MapTask: Spilling map output
2020-03-27 18:48:32,958 INFO org.apache.hadoop.mapred.MapTask: bufstart = 78932790; bufend = 9528513; bufvoid = 104857598
2020-03-27 18:48:32,958 INFO org.apache.hadoop.mapred.MapTask: kvstart = 19733192(78932768); kvend = 7625012(30500048); length = 12108181/6553600
2020-03-27 18:48:32,958 INFO org.apache.hadoop.mapred.MapTask: (EQUATOR) 20014272 kvi 5003564(20014256)
2020-03-27 18:48:33,644 INFO org.apache.hadoop.mapreduce.Job:  map 37% reduce 0%
2020-03-27 18:48:35,881 INFO org.apache.hadoop.mapred.LocalJobRunner: map > map
2020-03-27 18:48:36,646 INFO org.apache.hadoop.mapreduce.Job:  map 40% reduce 0%
2020-03-27 18:48:36,934 INFO org.apache.hadoop.mapred.MapTask: Finished spill 4
2020-03-27 18:48:36,934 INFO org.apache.hadoop.mapred.MapTask: (RESET) equator 20014272 kv 5003564(20014256) kvi 2382136(9528544)
2020-03-27 18:48:37,601 INFO org.apache.hadoop.mapred.MapTask: Spilling map output
2020-03-27 18:48:37,601 INFO org.apache.hadoop.mapred.MapTask: bufstart = 20014272; bufend = 55727131; bufvoid = 104857600
2020-03-27 18:48:37,601 INFO org.apache.hadoop.mapred.MapTask: kvstart = 5003564(20014256); kvend = 19174660(76698640); length = 12043305/6553600
2020-03-27 18:48:37,601 INFO org.apache.hadoop.mapred.MapTask: (EQUATOR) 66212877 kvi 16553212(66212848)
2020-03-27 18:48:38,882 INFO org.apache.hadoop.mapred.LocalJobRunner: map > map
2020-03-27 18:48:39,650 INFO org.apache.hadoop.mapreduce.Job:  map 52% reduce 0%
2020-03-27 18:48:41,746 INFO org.apache.hadoop.mapred.MapTask: Finished spill 5
2020-03-27 18:48:41,746 INFO org.apache.hadoop.mapred.MapTask: (RESET) equator 66212877 kv 16553212(66212848) kvi 13931788(55727152)
2020-03-27 18:48:41,883 INFO org.apache.hadoop.mapred.LocalJobRunner: map > map
2020-03-27 18:48:42,417 INFO org.apache.hadoop.mapred.MapTask: Spilling map output
2020-03-27 18:48:42,417 INFO org.apache.hadoop.mapred.MapTask: bufstart = 66212877; bufend = 102148827; bufvoid = 104857600
2020-03-27 18:48:42,417 INFO org.apache.hadoop.mapred.MapTask: kvstart = 16553212(66212848); kvend = 4565684(18262736); length = 11987529/6553600
2020-03-27 18:48:42,417 INFO org.apache.hadoop.mapred.MapTask: (EQUATOR) 7776973 kvi 1944236(7776944)
2020-03-27 18:48:42,652 INFO org.apache.hadoop.mapreduce.Job:  map 54% reduce 0%
2020-03-27 18:48:44,883 INFO org.apache.hadoop.mapred.LocalJobRunner: map > map
2020-03-27 18:48:45,654 INFO org.apache.hadoop.mapreduce.Job:  map 61% reduce 0%
2020-03-27 18:48:45,866 INFO org.apache.hadoop.mapred.MapTask: Finished spill 6
2020-03-27 18:48:45,866 INFO org.apache.hadoop.mapred.MapTask: (RESET) equator 7776973 kv 1944236(7776944) kvi 25537212(102148848)
2020-03-27 18:48:46,372 INFO org.apache.hadoop.mapred.LocalJobRunner: map > map
2020-03-27 18:48:46,372 INFO org.apache.hadoop.mapred.MapTask: Starting flush of map output
2020-03-27 18:48:46,373 INFO org.apache.hadoop.mapred.MapTask: Spilling map output
2020-03-27 18:48:46,373 INFO org.apache.hadoop.mapred.MapTask: bufstart = 7776973; bufend = 36931776; bufvoid = 104857600
2020-03-27 18:48:46,373 INFO org.apache.hadoop.mapred.MapTask: kvstart = 1944236(7776944); kvend = 18439164(73756656); length = 9719473/6553600
2020-03-27 18:48:47,885 INFO org.apache.hadoop.mapred.LocalJobRunner: map > sort
2020-03-27 18:48:48,657 INFO org.apache.hadoop.mapreduce.Job:  map 67% reduce 0%
2020-03-27 18:48:48,940 INFO org.apache.hadoop.mapred.MapTask: Finished spill 7
2020-03-27 18:48:48,946 INFO org.apache.hadoop.mapred.Merger: Merging 8 sorted segments
2020-03-27 18:48:48,952 INFO org.apache.hadoop.mapred.Merger: Down to the last merge-pass, with 8 segments left of total size: 325245667 bytes
2020-03-27 18:48:50,888 INFO org.apache.hadoop.mapred.LocalJobRunner: map > sort > 
2020-03-27 18:48:51,661 INFO org.apache.hadoop.mapreduce.Job:  map 69% reduce 0%
2020-03-27 18:48:53,889 INFO org.apache.hadoop.mapred.LocalJobRunner: map > sort > 
2020-03-27 18:48:54,664 INFO org.apache.hadoop.mapreduce.Job:  map 73% reduce 0%
2020-03-27 18:48:56,890 INFO org.apache.hadoop.mapred.LocalJobRunner: map > sort > 
2020-03-27 18:48:57,668 INFO org.apache.hadoop.mapreduce.Job:  map 77% reduce 0%
2020-03-27 18:48:59,892 INFO org.apache.hadoop.mapred.LocalJobRunner: map > sort > 
2020-03-27 18:49:00,671 INFO org.apache.hadoop.mapreduce.Job:  map 81% reduce 0%
2020-03-27 18:49:02,893 INFO org.apache.hadoop.mapred.LocalJobRunner: map > sort > 
2020-03-27 18:49:03,674 INFO org.apache.hadoop.mapreduce.Job:  map 86% reduce 0%
2020-03-27 18:49:05,894 INFO org.apache.hadoop.mapred.LocalJobRunner: map > sort > 
2020-03-27 18:49:06,676 INFO org.apache.hadoop.mapreduce.Job:  map 90% reduce 0%
2020-03-27 18:49:08,895 INFO org.apache.hadoop.mapred.LocalJobRunner: map > sort > 
2020-03-27 18:49:09,680 INFO org.apache.hadoop.mapreduce.Job:  map 94% reduce 0%
2020-03-27 18:49:11,896 INFO org.apache.hadoop.mapred.LocalJobRunner: map > sort > 
2020-03-27 18:49:12,683 INFO org.apache.hadoop.mapreduce.Job:  map 97% reduce 0%
2020-03-27 18:49:14,108 INFO org.apache.hadoop.mapred.Task: Task:attempt_local1637493092_0001_m_000000_0 is done. And is in the process of committing
2020-03-27 18:49:14,110 INFO org.apache.hadoop.mapred.LocalJobRunner: map > sort
2020-03-27 18:49:14,110 INFO org.apache.hadoop.mapred.Task: Task 'attempt_local1637493092_0001_m_000000_0' done.
2020-03-27 18:49:14,110 INFO org.apache.hadoop.mapred.LocalJobRunner: Finishing task: attempt_local1637493092_0001_m_000000_0
2020-03-27 18:49:14,110 INFO org.apache.hadoop.mapred.LocalJobRunner: map task executor complete.
2020-03-27 18:49:14,114 INFO org.apache.hadoop.mapred.LocalJobRunner: Waiting for reduce tasks
2020-03-27 18:49:14,114 INFO org.apache.hadoop.mapred.LocalJobRunner: Starting task: attempt_local1637493092_0001_r_000000_0
2020-03-27 18:49:14,120 INFO org.apache.hadoop.mapreduce.lib.output.FileOutputCommitter: File Output Committer Algorithm version is 1
2020-03-27 18:49:14,120 INFO org.apache.hadoop.mapred.Task:  Using ResourceCalculatorProcessTree : [ ]
2020-03-27 18:49:14,122 INFO org.apache.hadoop.mapred.ReduceTask: Using ShuffleConsumerPlugin: org.apache.hadoop.mapreduce.task.reduce.Shuffle@57545f97
2020-03-27 18:49:14,132 INFO org.apache.hadoop.mapreduce.task.reduce.MergeManagerImpl: MergerManager: memoryLimit=679778688, maxSingleShuffleLimit=169944672, mergeThreshold=448653952, ioSortFactor=10, memToMemMergeOutputsThreshold=10
2020-03-27 18:49:14,138 INFO org.apache.hadoop.mapreduce.task.reduce.EventFetcher: attempt_local1637493092_0001_r_000000_0 Thread started: EventFetcher for fetching Map Completion Events
2020-03-27 18:49:14,219 INFO org.apache.hadoop.mapreduce.task.reduce.MergeManagerImpl: attempt_local1637493092_0001_m_000000_0: Shuffling to disk since 325245669 is greater than maxSingleShuffleLimit (169944672)
2020-03-27 18:49:14,250 INFO org.apache.hadoop.mapreduce.task.reduce.LocalFetcher: localfetcher#1 about to shuffle output of map attempt_local1637493092_0001_m_000000_0 decomp: 325245669 len: 325245673 to DISK
2020-03-27 18:49:14,684 INFO org.apache.hadoop.mapreduce.Job:  map 100% reduce 0%
2020-03-27 18:49:15,724 INFO org.apache.hadoop.mapreduce.task.reduce.OnDiskMapOutput: Read 325245673 bytes from map-output for attempt_local1637493092_0001_m_000000_0
2020-03-27 18:49:15,727 INFO org.apache.hadoop.mapreduce.task.reduce.EventFetcher: EventFetcher is interrupted.. Returning
2020-03-27 18:49:15,727 INFO org.apache.hadoop.mapred.LocalJobRunner: 1 / 1 copied.
2020-03-27 18:49:15,728 INFO org.apache.hadoop.mapreduce.task.reduce.MergeManagerImpl: finalMerge called with 0 in-memory map-outputs and 1 on-disk map-outputs
2020-03-27 18:49:15,728 INFO org.apache.hadoop.mapreduce.task.reduce.MergeManagerImpl: Merging 1 files, 325245673 bytes from disk
2020-03-27 18:49:15,728 INFO org.apache.hadoop.mapreduce.task.reduce.MergeManagerImpl: Merging 0 segments, 0 bytes from memory into reduce
2020-03-27 18:49:15,728 INFO org.apache.hadoop.mapred.Merger: Merging 1 sorted segments
2020-03-27 18:49:15,729 INFO org.apache.hadoop.mapred.Merger: Down to the last merge-pass, with 1 segments left of total size: 325245663 bytes
2020-03-27 18:49:15,729 INFO org.apache.hadoop.mapred.LocalJobRunner: 1 / 1 copied.
2020-03-27 18:49:15,735 INFO org.apache.hadoop.conf.Configuration.deprecation: mapred.skip.on is deprecated. Instead, use mapreduce.job.skiprecords
2020-03-27 18:49:20,128 INFO org.apache.hadoop.mapred.LocalJobRunner: reduce > reduce
2020-03-27 18:49:20,689 INFO org.apache.hadoop.mapreduce.Job:  map 100% reduce 71%
2020-03-27 18:49:23,129 INFO org.apache.hadoop.mapred.LocalJobRunner: reduce > reduce
2020-03-27 18:49:23,692 INFO org.apache.hadoop.mapreduce.Job:  map 100% reduce 75%
2020-03-27 18:49:26,130 INFO org.apache.hadoop.mapred.LocalJobRunner: reduce > reduce
2020-03-27 18:49:26,695 INFO org.apache.hadoop.mapreduce.Job:  map 100% reduce 80%
2020-03-27 18:49:29,133 INFO org.apache.hadoop.mapred.LocalJobRunner: reduce > reduce
2020-03-27 18:49:29,698 INFO org.apache.hadoop.mapreduce.Job:  map 100% reduce 84%
2020-03-27 18:49:32,134 INFO org.apache.hadoop.mapred.LocalJobRunner: reduce > reduce
2020-03-27 18:49:32,700 INFO org.apache.hadoop.mapreduce.Job:  map 100% reduce 88%
2020-03-27 18:49:35,135 INFO org.apache.hadoop.mapred.LocalJobRunner: reduce > reduce
2020-03-27 18:49:35,703 INFO org.apache.hadoop.mapreduce.Job:  map 100% reduce 93%
2020-03-27 18:49:38,137 INFO org.apache.hadoop.mapred.LocalJobRunner: reduce > reduce
2020-03-27 18:49:38,705 INFO org.apache.hadoop.mapreduce.Job:  map 100% reduce 97%
2020-03-27 18:49:40,309 INFO org.apache.hadoop.mapred.Task: Task:attempt_local1637493092_0001_r_000000_0 is done. And is in the process of committing
2020-03-27 18:49:40,312 INFO org.apache.hadoop.mapred.LocalJobRunner: reduce > reduce
2020-03-27 18:49:40,313 INFO org.apache.hadoop.mapred.Task: Task attempt_local1637493092_0001_r_000000_0 is allowed to commit now
2020-03-27 18:49:40,314 INFO org.apache.hadoop.mapreduce.lib.output.FileOutputCommitter: Saved output of task 'attempt_local1637493092_0001_r_000000_0' to file:/home/cloudera/workspace/FriendRecommend/output/_temporary/0/task_local1637493092_0001_r_000000
2020-03-27 18:49:40,314 INFO org.apache.hadoop.mapred.LocalJobRunner: reduce > reduce
2020-03-27 18:49:40,314 INFO org.apache.hadoop.mapred.Task: Task 'attempt_local1637493092_0001_r_000000_0' done.
2020-03-27 18:49:40,315 INFO org.apache.hadoop.mapred.LocalJobRunner: Finishing task: attempt_local1637493092_0001_r_000000_0
2020-03-27 18:49:40,315 INFO org.apache.hadoop.mapred.LocalJobRunner: reduce task executor complete.
2020-03-27 18:49:40,708 INFO org.apache.hadoop.mapreduce.Job:  map 100% reduce 100%
2020-03-27 18:49:40,709 INFO org.apache.hadoop.mapreduce.Job: Job job_local1637493092_0001 completed successfully
2020-03-27 18:49:40,727 INFO org.apache.hadoop.mapreduce.Job: Counters: 33
	File System Counters
		FILE: Number of bytes read=1309295520
		FILE: Number of bytes written=1632388867
		FILE: Number of read operations=0
		FILE: Number of large read operations=0
		FILE: Number of write operations=0
	Map-Reduce Framework
		Map input records=49995
		Map output records=23570682
		Map output bytes=278104303
		Map output materialized bytes=325245673
		Input split bytes=118
		Combine input records=0
		Combine output records=0
		Reduce input groups=49124
		Reduce shuffle bytes=325245673
		Reduce input records=23570682
		Reduce output records=49023
		Spilled Records=70712046
		Shuffled Maps =1
		Failed Shuffles=0
		Merged Map outputs=1
		GC time elapsed (ms)=600
		CPU time spent (ms)=0
		Physical memory (bytes) snapshot=0
		Virtual memory (bytes) snapshot=0
		Total committed heap usage (bytes)=331227136
	Shuffle Errors
		BAD_ID=0
		CONNECTION=0
		IO_ERROR=0
		WRONG_LENGTH=0
		WRONG_MAP=0
		WRONG_REDUCE=0
	File Input Format Counters 
		Bytes Read=4156181
	File Output Format Counters 
		Bytes Written=3090212
